0 info it worked if it ends with ok
1 verbose cli [ '/Users/giuliandrimba/.nvm/versions/v4.2.2/bin/node',
1 verbose cli   '/Users/giuliandrimba/.nvm/versions/v4.2.2/bin/npm',
1 verbose cli   'publish' ]
2 info using npm@2.14.7
3 info using node@v4.2.2
4 verbose publish [ '.' ]
5 silly cache add args [ '.', null ]
6 verbose cache add spec .
7 silly cache add parsed spec Result {
7 silly cache add   raw: '.',
7 silly cache add   scope: null,
7 silly cache add   name: null,
7 silly cache add   rawSpec: '.',
7 silly cache add   spec: '/Users/giuliandrimba/workspace/open-source/noise',
7 silly cache add   type: 'directory' }
8 verbose addLocalDirectory /Users/giuliandrimba/.npm/@giuliandrimba/noise/1.0.0/package.tgz not in flight; packing
9 verbose tar pack [ '/Users/giuliandrimba/.npm/@giuliandrimba/noise/1.0.0/package.tgz',
9 verbose tar pack   '/Users/giuliandrimba/workspace/open-source/noise' ]
10 verbose tarball /Users/giuliandrimba/.npm/@giuliandrimba/noise/1.0.0/package.tgz
11 verbose folder /Users/giuliandrimba/workspace/open-source/noise
12 info prepublish @giuliandrimba/noise@1.0.0
13 verbose addLocalTarball adding from inside cache /Users/giuliandrimba/.npm/@giuliandrimba/noise/1.0.0/package.tgz
14 silly cache afterAdd @giuliandrimba/noise@1.0.0
15 verbose afterAdd /Users/giuliandrimba/.npm/@giuliandrimba/noise/1.0.0/package/package.json not in flight; writing
16 verbose afterAdd /Users/giuliandrimba/.npm/@giuliandrimba/noise/1.0.0/package/package.json written
17 silly publish { name: '@giuliandrimba/noise',
17 silly publish   version: '1.0.0',
17 silly publish   description: 'P5.js noise method',
17 silly publish   main: 'index.js',
17 silly publish   scripts: { test: 'echo "Error: no test specified" && exit 1' },
17 silly publish   repository:
17 silly publish    { type: 'git',
17 silly publish      url: 'git+https://github.com/giuliandrimba/noise.git' },
17 silly publish   author: '',
17 silly publish   license: 'ISC',
17 silly publish   bugs: { url: 'https://github.com/giuliandrimba/noise/issues' },
17 silly publish   homepage: 'https://github.com/giuliandrimba/noise#readme',
17 silly publish   readme: '# noise\n\n> P5.js noise method\n\n## Install\n\n```sh\n$ npm install @giuliandrimba/noise\n```\n\n## Usage\n\n``` javascript\nvar noise = require("noise");\n\nvar xoff = 0.0;\nfunction draw() {\n  background(204);\n  xoff = xoff + .01;\n  var n = noise(xoff) * width;\n  line(n, 0, n, height);\n}\n\n```\n> Extracted from [P5.js documentation](https://p5js.org/reference/#/p5/noise)',
17 silly publish   readmeFilename: 'README.md',
17 silly publish   gitHead: '035a38530e0a80c8a83e71db2ae31ed191fb1fe3',
17 silly publish   _id: '@giuliandrimba/noise@1.0.0',
17 silly publish   _shasum: '70421c502c10534db31f6ce5c7dded1ccb529e50',
17 silly publish   _from: '.' }
18 verbose getPublishConfig undefined
19 silly mapToRegistry name @giuliandrimba/noise
20 silly mapToRegistry scope (from package name) @giuliandrimba
21 verbose mapToRegistry no registry URL found in name for scope @giuliandrimba
22 silly mapToRegistry using default registry
23 silly mapToRegistry registry https://registry.npmjs.org/
24 silly mapToRegistry uri https://registry.npmjs.org/@giuliandrimba%2fnoise
25 verbose publish registryBase https://registry.npmjs.org/
26 silly publish uploading /Users/giuliandrimba/.npm/@giuliandrimba/noise/1.0.0/package.tgz
27 verbose request uri https://registry.npmjs.org/@giuliandrimba%2fnoise
28 verbose request sending authorization for write operation
29 info attempt registry request try #1 at 1:14:06 AM
30 verbose request id 47d19f082c0848e4
31 http request PUT https://registry.npmjs.org/@giuliandrimba%2fnoise
32 http 402 https://registry.npmjs.org/@giuliandrimba%2fnoise
33 verbose headers { 'content-type': 'application/json',
33 verbose headers   'cache-control': 'max-age=0',
33 verbose headers   'content-length': '119',
33 verbose headers   'accept-ranges': 'bytes',
33 verbose headers   date: 'Wed, 15 Jun 2016 04:14:07 GMT',
33 verbose headers   via: '1.1 varnish',
33 verbose headers   connection: 'keep-alive',
33 verbose headers   'x-served-by': 'cache-jfk1025-JFK',
33 verbose headers   'x-cache': 'MISS',
33 verbose headers   'x-cache-hits': '0',
33 verbose headers   'x-timer': 'S1465964046.914604,VS0,VE1012' }
34 verbose request invalidating /Users/giuliandrimba/.npm/registry.npmjs.org/_40giuliandrimba_252fnoise on PUT
35 error publish Failed PUT 402
36 verbose stack Error: You need a paid account to perform this action. For more info, visit: https://www.npmjs.com/private-modules : @giuliandrimba/noise
36 verbose stack     at makeError (/Users/giuliandrimba/.nvm/versions/v4.2.2/lib/node_modules/npm/node_modules/npm-registry-client/lib/request.js:264:12)
36 verbose stack     at CachingRegistryClient.<anonymous> (/Users/giuliandrimba/.nvm/versions/v4.2.2/lib/node_modules/npm/node_modules/npm-registry-client/lib/request.js:252:14)
36 verbose stack     at Request._callback (/Users/giuliandrimba/.nvm/versions/v4.2.2/lib/node_modules/npm/node_modules/npm-registry-client/lib/request.js:172:14)
36 verbose stack     at Request.self.callback (/Users/giuliandrimba/.nvm/versions/v4.2.2/lib/node_modules/npm/node_modules/request/request.js:198:22)
36 verbose stack     at emitTwo (events.js:87:13)
36 verbose stack     at Request.emit (events.js:172:7)
36 verbose stack     at Request.<anonymous> (/Users/giuliandrimba/.nvm/versions/v4.2.2/lib/node_modules/npm/node_modules/request/request.js:1063:14)
36 verbose stack     at emitOne (events.js:82:20)
36 verbose stack     at Request.emit (events.js:169:7)
36 verbose stack     at IncomingMessage.<anonymous> (/Users/giuliandrimba/.nvm/versions/v4.2.2/lib/node_modules/npm/node_modules/request/request.js:1009:12)
37 verbose statusCode 402
38 verbose pkgid @giuliandrimba/noise
39 verbose cwd /Users/giuliandrimba/workspace/open-source/noise
40 error Darwin 14.5.0
41 error argv "/Users/giuliandrimba/.nvm/versions/v4.2.2/bin/node" "/Users/giuliandrimba/.nvm/versions/v4.2.2/bin/npm" "publish"
42 error node v4.2.2
43 error npm  v2.14.7
44 error code E402
45 error You need a paid account to perform this action. For more info, visit: https://www.npmjs.com/private-modules : @giuliandrimba/noise
46 error If you need help, you may report this error at:
46 error     <https://github.com/npm/npm/issues>
47 verbose exit [ 1, true ]
